Using pre-set license
Built from '2020.2/release' branch; Version is '2020.2.4f1 (becced5a802b) revision 12504301'; Using compiler version '192528614'; Build Type 'Release'
OS: 'Windows 10 Home; OS build 19042.1348; Version 2009; 64bit' Language: 'en' Physical Memory: 16278 MB
BatchMode: 1, IsHumanControllingUs: 0, StartBugReporterOnCrash: 0, Is64bit: 1, IsPro: 0

 COMMAND LINE ARGUMENTS:
C:\Program Files\Unity\Hub\Editor\2020.2.4f1\Editor\Unity.exe
-adb2
-batchMode
-noUpm
-name
AssetImportWorker0
-projectPath
C:/Users/user/Documents/GitHub/Way-Across
-logFile
Logs/AssetImportWorker0.log
-srvPort
54550
Successfully changed project path to: C:/Users/user/Documents/GitHub/Way-Across
C:/Users/user/Documents/GitHub/Way-Across
Using Asset Import Pipeline V2.
Refreshing native plugins compatible for Editor in 40.77 ms, found 3 plugins.
Preloading 1 native plugins for Editor in 0.74 ms.
Initialize engine version: 2020.2.4f1 (becced5a802b)
[Subsystems] Discovering subsystems at path C:/Program Files/Unity/Hub/Editor/2020.2.4f1/Editor/Data/Resources/UnitySubsystems
[Subsystems] Discovering subsystems at path C:/Users/user/Documents/GitHub/Way-Across/Assets
GfxDevice: creating device client; threaded=0
Direct3D:
    Version:  Direct3D 11.0 [level 11.1]
    Renderer: NVIDIA GeForce GTX 1660 Ti (ID=0x2191)
    Vendor:   
    VRAM:     5991 MB
    Driver:   25.21.14.2554
Initialize mono
Mono path[0] = 'C:/Program Files/Unity/Hub/Editor/2020.2.4f1/Editor/Data/Managed'
Mono path[1] = 'C:/Program Files/Unity/Hub/Editor/2020.2.4f1/Editor/Data/MonoBleedingEdge/lib/mono/unityjit'
Mono config path = 'C:/Program Files/Unity/Hub/Editor/2020.2.4f1/Editor/Data/MonoBleedingEdge/etc'
Using monoOptions --debugger-agent=transport=dt_socket,embedding=1,server=y,suspend=n,address=127.0.0.1:56276
Begin MonoManager ReloadAssembly
Registering precompiled unity dll's ...
Register platform support module: C:/Program Files/Unity/Hub/Editor/2020.2.4f1/Editor/Data/PlaybackEngines/WindowsStandaloneSupport/UnityEditor.WindowsStandalone.Extensions.dll
Registered in 0.001669 seconds.
Native extension for WindowsStandalone target not found
Refreshing native plugins compatible for Editor in 35.69 ms, found 3 plugins.
Preloading 1 native plugins for Editor in 0.07 ms.
Invoked RoslynAnalysisRunner static constructor.
RoslynAnalysisRunner will not be running.
RoslynAnalysisRunner has terminated.
Mono: successfully reloaded assembly
- Completed reload, in  1.582 seconds
Platform modules already initialized, skipping
Registering precompiled user dll's ...
Registered in 0.001630 seconds.
Begin MonoManager ReloadAssembly
Native extension for WindowsStandalone target not found
Refreshing native plugins compatible for Editor in 34.33 ms, found 3 plugins.
Preloading 1 native plugins for Editor in 0.07 ms.
Invoked RoslynAnalysisRunner static constructor.
RoslynAnalysisRunner will not be running.
RoslynAnalysisRunner has terminated.
[XR] OculusXRPlugin: registering subsystems
[XR] Unable to register display lifecyle provider: [1]
[XR] Oculus Input lifecycle provider registered.
[XR] Unable to register input lifecyle provider: [1]
NullReferenceException: Object reference not set to an instance of an object
  at Unity.XR.Oculus.OculusLoader.AssetPathToAbsolutePath (System.String assetPath) [0x00048] in C:\Users\user\Documents\GitHub\Way-Across\Library\PackageCache\com.unity.xr.oculus@1.7.0\Runtime\OculusLoader.cs:243 
  at Unity.XR.Oculus.OculusLoader.EditorLoadOVRPlugin () [0x0007b] in C:\Users\user\Documents\GitHub\Way-Across\Library\PackageCache\com.unity.xr.oculus@1.7.0\Runtime\OculusLoader.cs:228 

(Filename: Library/PackageCache/com.unity.xr.oculus@1.7.0/Runtime/OculusLoader.cs Line: 243)

Mono: successfully reloaded assembly
- Completed reload, in  0.949 seconds
Platform modules already initialized, skipping
========================================================================
Worker process is ready to serve import requests
Launched and connected shader compiler UnityShaderCompiler.exe after 0.04 seconds
Refreshing native plugins compatible for Editor in 0.43 ms, found 3 plugins.
Preloading 1 native plugins for Editor in 0.07 ms.
Unloading 2054 Unused Serialized files (Serialized files now loaded: 0)
System memory in use before: 93.2 MB.
System memory in use after: 93.2 MB.

Unloading 104 unused Assets to reduce memory usage. Loaded Objects now: 2494.
Total: 2.656300 ms (FindLiveObjects: 0.195500 ms CreateObjectMapping: 0.358500 ms MarkObjects: 1.919300 ms  DeleteObjects: 0.182000 ms)

========================================================================
Received Import Request.
  path: Assets/Prefabs/Ice/SnowTorchBlender.fbx
  artifactKey: Guid(dc814d56f78f9bb4c9184e66c1e1ef4b) Importer(815301076,1909f56bfc062723c751e8b465ee728b)
Start importing Assets/Prefabs/Ice/SnowTorchBlender.fbx using Guid(dc814d56f78f9bb4c9184e66c1e1ef4b) Importer(815301076,1909f56bfc062723c751e8b465ee728b)  -> (artifact id: 'a02208c220aa4de5120a71bb950a6198') in 0.271593 seconds
  Import took 0.274882 seconds .

========================================================================
Received Import Request.
  Time since last request: 0.000295 seconds.
  path: Assets/Prefabs/Ice/IcePineTreeBlender.fbx
  artifactKey: Guid(5522dc646a2ebf84d8d6c5c6c94904d1) Importer(815301076,1909f56bfc062723c751e8b465ee728b)
Start importing Assets/Prefabs/Ice/IcePineTreeBlender.fbx using Guid(5522dc646a2ebf84d8d6c5c6c94904d1) Importer(815301076,1909f56bfc062723c751e8b465ee728b)  -> (artifact id: '55986262814f3307959adf5c59bf4134') in 0.045282 seconds
  Import took 0.047905 seconds .

========================================================================
Received Import Request.
  Time since last request: 0.000240 seconds.
  path: Assets/Prefabs/Ice/Prefabs/IceBlender.prefab
  artifactKey: Guid(c66eefca522be314c80ba5408a1ac7aa) Importer(815301076,1909f56bfc062723c751e8b465ee728b)
Start importing Assets/Prefabs/Ice/Prefabs/IceBlender.prefab using Guid(c66eefca522be314c80ba5408a1ac7aa) Importer(815301076,1909f56bfc062723c751e8b465ee728b)  -> (artifact id: 'cf0d2c45fae30961410fe8a787eab5f8') in 0.077257 seconds
  Import took 0.079937 seconds .

========================================================================
Received Import Request.
  Time since last request: 0.000246 seconds.
  path: Assets/Prefabs/Ice
  artifactKey: Guid(1dc434c597d614640bb52300cb5b6ff7) Importer(815301076,1909f56bfc062723c751e8b465ee728b)
Start importing Assets/Prefabs/Ice using Guid(1dc434c597d614640bb52300cb5b6ff7) Importer(815301076,1909f56bfc062723c751e8b465ee728b)  -> (artifact id: '45d4369b0b63211c97f132e910dee8b1') in 0.006599 seconds
  Import took 0.009289 seconds .

========================================================================
Received Import Request.
  Time since last request: 0.000283 seconds.
  path: Assets/Prefabs/Ice/Prefabs/IceBlockBlender (1).prefab
  artifactKey: Guid(cdd6efd5934eeae45b622b51d8622bfd) Importer(815301076,1909f56bfc062723c751e8b465ee728b)
Start importing Assets/Prefabs/Ice/Prefabs/IceBlockBlender (1).prefab using Guid(cdd6efd5934eeae45b622b51d8622bfd) Importer(815301076,1909f56bfc062723c751e8b465ee728b)  -> (artifact id: '8836083bee4de91735c0f58c81b1f2a2') in 0.034703 seconds
  Import took 0.037450 seconds .

========================================================================
Received Import Request.
  Time since last request: 0.000287 seconds.
  path: Assets/Prefabs/Ice/IceBlockBlender.fbx
  artifactKey: Guid(0b0ee1f37fe4e5549b3c6a054481b0d4) Importer(815301076,1909f56bfc062723c751e8b465ee728b)
Start importing Assets/Prefabs/Ice/IceBlockBlender.fbx using Guid(0b0ee1f37fe4e5549b3c6a054481b0d4) Importer(815301076,1909f56bfc062723c751e8b465ee728b)  -> (artifact id: '6fe12de568ae0786a886c4c833dde8fa') in 0.035646 seconds
  Import took 0.038560 seconds .

========================================================================
Received Import Request.
  Time since last request: 0.000249 seconds.
  path: Assets/Prefabs/Ice/IceGrassBlender.fbx
  artifactKey: Guid(639bb573f2ca7e34a9d8894ee44613fa) Importer(815301076,1909f56bfc062723c751e8b465ee728b)
Start importing Assets/Prefabs/Ice/IceGrassBlender.fbx using Guid(639bb573f2ca7e34a9d8894ee44613fa) Importer(815301076,1909f56bfc062723c751e8b465ee728b)  -> (artifact id: '143ddcc09e630aeb68de6f3733fbb2e0') in 0.038346 seconds
  Import took 0.041144 seconds .

========================================================================
Received Import Request.
  Time since last request: 0.000292 seconds.
  path: Assets/Prefabs/Ice/Prefabs/SnowTorchBlender.prefab
  artifactKey: Guid(10f50576286bab44995daf2e8a80c816) Importer(815301076,1909f56bfc062723c751e8b465ee728b)
Start importing Assets/Prefabs/Ice/Prefabs/SnowTorchBlender.prefab using Guid(10f50576286bab44995daf2e8a80c816) Importer(815301076,1909f56bfc062723c751e8b465ee728b)  -> (artifact id: '2886ee977c3b676271c057250721e658') in 0.065739 seconds
  Import took 0.068550 seconds .

========================================================================
Received Import Request.
  Time since last request: 0.000246 seconds.
  path: Assets/Prefabs/Ice/Prefabs/IceGrassBlender 1.prefab
  artifactKey: Guid(ac4fd7b959e320f4da761b16aea29ee8) Importer(815301076,1909f56bfc062723c751e8b465ee728b)
Start importing Assets/Prefabs/Ice/Prefabs/IceGrassBlender 1.prefab using Guid(ac4fd7b959e320f4da761b16aea29ee8) Importer(815301076,1909f56bfc062723c751e8b465ee728b)  -> (artifact id: 'fd5343532b348dbd74e63d90eaf607c9') in 0.011868 seconds
  Import took 0.015127 seconds .

========================================================================
Received Import Request.
  Time since last request: 0.000227 seconds.
  path: Assets/Prefabs/Ice/Prefabs/SnowRockGroundBlender.prefab
  artifactKey: Guid(7d8279a536111694b9fdcfb9f0986db7) Importer(815301076,1909f56bfc062723c751e8b465ee728b)
Start importing Assets/Prefabs/Ice/Prefabs/SnowRockGroundBlender.prefab using Guid(7d8279a536111694b9fdcfb9f0986db7) Importer(815301076,1909f56bfc062723c751e8b465ee728b)  -> (artifact id: '4dfb187d6a374da03975cf21b9ae0316') in 0.031985 seconds
  Import took 0.034882 seconds .

========================================================================
Received Import Request.
  Time since last request: 0.000231 seconds.
  path: Assets/Prefabs/Ice/SnowRockGroundBlender.fbx
  artifactKey: Guid(ea9a19e5db7e8034284ffddf5dd442b9) Importer(815301076,1909f56bfc062723c751e8b465ee728b)
Start importing Assets/Prefabs/Ice/SnowRockGroundBlender.fbx using Guid(ea9a19e5db7e8034284ffddf5dd442b9) Importer(815301076,1909f56bfc062723c751e8b465ee728b)  -> (artifact id: '810af8d6c7e9cdcc8d5ba52e8547646b') in 0.029865 seconds
  Import took 0.032764 seconds .

========================================================================
Received Import Request.
  Time since last request: 0.000283 seconds.
  path: Assets/Prefabs/Ice/IceSmallTreeBlender.fbx
  artifactKey: Guid(df8d39c8cb03fc041b92446f85ea2f91) Importer(815301076,1909f56bfc062723c751e8b465ee728b)
Start importing Assets/Prefabs/Ice/IceSmallTreeBlender.fbx using Guid(df8d39c8cb03fc041b92446f85ea2f91) Importer(815301076,1909f56bfc062723c751e8b465ee728b)  -> (artifact id: 'e2172dca8a575be4fafefcc4b3f0dd83') in 0.047664 seconds
  Import took 0.050461 seconds .

========================================================================
Received Import Request.
  Time since last request: 0.000238 seconds.
  path: Assets/Prefabs/Ice/Prefabs
  artifactKey: Guid(8a1318efb2e0c2d43add7492a2d3e271) Importer(815301076,1909f56bfc062723c751e8b465ee728b)
Start importing Assets/Prefabs/Ice/Prefabs using Guid(8a1318efb2e0c2d43add7492a2d3e271) Importer(815301076,1909f56bfc062723c751e8b465ee728b)  -> (artifact id: 'a62c7c32b27007ba4ee88dfbc07f1bc0') in 0.006156 seconds
  Import took 0.008974 seconds .

========================================================================
Received Import Request.
  Time since last request: 0.000282 seconds.
  path: Assets/Prefabs/Ice/Prefabs/IcePineTreeBlender.prefab
  artifactKey: Guid(06e65fe4ebefd9641b9aeffbcf531f42) Importer(815301076,1909f56bfc062723c751e8b465ee728b)
Start importing Assets/Prefabs/Ice/Prefabs/IcePineTreeBlender.prefab using Guid(06e65fe4ebefd9641b9aeffbcf531f42) Importer(815301076,1909f56bfc062723c751e8b465ee728b)  -> (artifact id: 'c0e3b7027449073663a7aed73154e00d') in 0.028887 seconds
  Import took 0.031979 seconds .

========================================================================
Received Import Request.
  Time since last request: 20.375550 seconds.
  path: Assets/Prefabs/Ice/Prefabs/IcePhysMaterial.physicMaterial
  artifactKey: Guid(8a1dd45e05d8b5645a01bf44e9d890de) Importer(815301076,1909f56bfc062723c751e8b465ee728b)
Start importing Assets/Prefabs/Ice/Prefabs/IcePhysMaterial.physicMaterial using Guid(8a1dd45e05d8b5645a01bf44e9d890de) Importer(815301076,1909f56bfc062723c751e8b465ee728b)  -> (artifact id: 'd110de4da15d9854c7546e65edac86cf') in 0.008545 seconds
  Import took 0.011983 seconds .

========================================================================
Received Import Request.
  Time since last request: 0.000893 seconds.
  path: Assets/Prefabs/Ice/Prefabs/IcePhysMaterial.physicMaterial
  artifactKey: Guid(8a1dd45e05d8b5645a01bf44e9d890de) Importer(815301076,1909f56bfc062723c751e8b465ee728b)
Start importing Assets/Prefabs/Ice/Prefabs/IcePhysMaterial.physicMaterial using Guid(8a1dd45e05d8b5645a01bf44e9d890de) Importer(815301076,1909f56bfc062723c751e8b465ee728b)  -> (artifact id: 'd110de4da15d9854c7546e65edac86cf') in 0.003323 seconds
  Import took 0.007069 seconds .

========================================================================
Received Import Request.
  Time since last request: 50.818461 seconds.
  path: Assets/Prefabs/Ice/Prefabs/IceBlockBlender (1).prefab
  artifactKey: Guid(cdd6efd5934eeae45b622b51d8622bfd) Importer(815301076,1909f56bfc062723c751e8b465ee728b)
Start importing Assets/Prefabs/Ice/Prefabs/IceBlockBlender (1).prefab using Guid(cdd6efd5934eeae45b622b51d8622bfd) Importer(815301076,1909f56bfc062723c751e8b465ee728b)  -> (artifact id: 'b2949547eba9ad66e33c512c7ccf6b53') in 0.023078 seconds
  Import took 0.026902 seconds .

========================================================================
Received Import Request.
  Time since last request: 0.067238 seconds.
  path: Assets/Prefabs/Ice/Prefabs/IceBlockBlender (1).prefab
  artifactKey: Guid(cdd6efd5934eeae45b622b51d8622bfd) Importer(815301076,1909f56bfc062723c751e8b465ee728b)
Start importing Assets/Prefabs/Ice/Prefabs/IceBlockBlender (1).prefab using Guid(cdd6efd5934eeae45b622b51d8622bfd) Importer(815301076,1909f56bfc062723c751e8b465ee728b)  -> (artifact id: 'b2949547eba9ad66e33c512c7ccf6b53') in 0.027402 seconds
  Import took 0.031110 seconds .

========================================================================
Received Import Request.
  Time since last request: 23.077877 seconds.
  path: Assets/Prefabs/Ice/Prefabs/IceBlockBlender (1).prefab
  artifactKey: Guid(cdd6efd5934eeae45b622b51d8622bfd) Importer(815301076,1909f56bfc062723c751e8b465ee728b)
Start importing Assets/Prefabs/Ice/Prefabs/IceBlockBlender (1).prefab using Guid(cdd6efd5934eeae45b622b51d8622bfd) Importer(815301076,1909f56bfc062723c751e8b465ee728b)  -> (artifact id: '2b37df0eb411196e92c6fc8e24f290e8') in 0.022498 seconds
  Import took 0.025521 seconds .

========================================================================
Received Import Request.
  Time since last request: 14.757647 seconds.
  path: Assets/Prefabs/Ice/Prefabs/IceGrassBlender 1.prefab
  artifactKey: Guid(ac4fd7b959e320f4da761b16aea29ee8) Importer(815301076,1909f56bfc062723c751e8b465ee728b)
Start importing Assets/Prefabs/Ice/Prefabs/IceGrassBlender 1.prefab using Guid(ac4fd7b959e320f4da761b16aea29ee8) Importer(815301076,1909f56bfc062723c751e8b465ee728b)  -> (artifact id: '4e74cf84bcdf1c0157dd948ab8f47e9e') in 0.019283 seconds
  Import took 0.022843 seconds .

========================================================================
Received Import Request.
  Time since last request: 0.794714 seconds.
  path: Assets/Prefabs/Ice/Prefabs/IceGrassBlender 1.prefab
  artifactKey: Guid(ac4fd7b959e320f4da761b16aea29ee8) Importer(815301076,1909f56bfc062723c751e8b465ee728b)
Start importing Assets/Prefabs/Ice/Prefabs/IceGrassBlender 1.prefab using Guid(ac4fd7b959e320f4da761b16aea29ee8) Importer(815301076,1909f56bfc062723c751e8b465ee728b)  -> (artifact id: 'a668c86ffac8e08ee4d224752d30ed4c') in 0.018075 seconds
  Import took 0.021435 seconds .

========================================================================
Received Import Request.
  Time since last request: 2.923570 seconds.
  path: Assets/Prefabs/Ice/Prefabs/IceGrassBlender 1.prefab
  artifactKey: Guid(ac4fd7b959e320f4da761b16aea29ee8) Importer(815301076,1909f56bfc062723c751e8b465ee728b)
Start importing Assets/Prefabs/Ice/Prefabs/IceGrassBlender 1.prefab using Guid(ac4fd7b959e320f4da761b16aea29ee8) Importer(815301076,1909f56bfc062723c751e8b465ee728b)  -> (artifact id: '7a45105cfaa90a596a8941f6fe1391d9') in 0.007487 seconds
  Import took 0.010773 seconds .

========================================================================
Received Import Request.
  Time since last request: 1.720879 seconds.
  path: Assets/Prefabs/Ice/Prefabs/IceGrassBlender 1.prefab
  artifactKey: Guid(ac4fd7b959e320f4da761b16aea29ee8) Importer(815301076,1909f56bfc062723c751e8b465ee728b)
Start importing Assets/Prefabs/Ice/Prefabs/IceGrassBlender 1.prefab using Guid(ac4fd7b959e320f4da761b16aea29ee8) Importer(815301076,1909f56bfc062723c751e8b465ee728b)  -> (artifact id: '6d2e87863800490aba2bdd47cbc9c9aa') in 0.013728 seconds
  Import took 0.016924 seconds .

========================================================================
Received Prepare
Refreshing native plugins compatible for Editor in 0.89 ms, found 3 plugins.
Preloading 1 native plugins for Editor in 0.07 ms.
Unloading 3 Unused Serialized files (Serialized files now loaded: 0)
System memory in use before: 54.5 MB.
System memory in use after: 54.5 MB.

Unloading 5 unused Assets to reduce memory usage. Loaded Objects now: 2538.
Total: 4.475700 ms (FindLiveObjects: 0.547300 ms CreateObjectMapping: 0.123500 ms MarkObjects: 3.696100 ms  DeleteObjects: 0.106600 ms)

========================================================================
Received Prepare
Refreshing native plugins compatible for Editor in 0.86 ms, found 3 plugins.
Preloading 1 native plugins for Editor in 0.07 ms.
Unloading 3 Unused Serialized files (Serialized files now loaded: 0)
System memory in use before: 54.4 MB.
System memory in use after: 54.5 MB.

Unloading 3 unused Assets to reduce memory usage. Loaded Objects now: 2538.
Total: 3.495000 ms (FindLiveObjects: 0.328900 ms CreateObjectMapping: 0.133500 ms MarkObjects: 2.969900 ms  DeleteObjects: 0.061900 ms)

========================================================================
Received Prepare
Registering precompiled user dll's ...
Registered in 0.001732 seconds.
Begin MonoManager ReloadAssembly
Native extension for WindowsStandalone target not found
Refreshing native plugins compatible for Editor in 0.42 ms, found 3 plugins.
Preloading 1 native plugins for Editor in 0.07 ms.
Warning: Annotation not found!
UnityEngine.StackTraceUtility:ExtractStackTrace ()
UnityEditor.ProBuilder.EditorUtility:SetGizmoIconEnabled (System.Type,bool) (at Library/PackageCache/com.unity.probuilder@4.5.0/Editor/EditorCore/EditorUtility.cs:593)
UnityEditor.ProBuilder.HierarchyListener:.cctor () (at Library/PackageCache/com.unity.probuilder@4.5.0/Editor/EditorCore/HierarchyListener.cs:21)
System.Runtime.CompilerServices.RuntimeHelpers:RunClassConstructor (System.RuntimeTypeHandle)
UnityEditor.EditorAssemblies:ProcessInitializeOnLoadAttributes (System.Type[])

[Library/PackageCache/com.unity.probuilder@4.5.0/Editor/EditorCore/EditorUtility.cs line 593]

Invoked RoslynAnalysisRunner static constructor.
RoslynAnalysisRunner will not be running.
RoslynAnalysisRunner has terminated.
NullReferenceException: Object reference not set to an instance of an object
  at Unity.XR.Oculus.OculusLoader.AssetPathToAbsolutePath (System.String assetPath) [0x00048] in C:\Users\user\Documents\GitHub\Way-Across\Library\PackageCache\com.unity.xr.oculus@1.7.0\Runtime\OculusLoader.cs:243 
  at Unity.XR.Oculus.OculusLoader.EditorLoadOVRPlugin () [0x0007b] in C:\Users\user\Documents\GitHub\Way-Across\Library\PackageCache\com.unity.xr.oculus@1.7.0\Runtime\OculusLoader.cs:228 

(Filename: Library/PackageCache/com.unity.xr.oculus@1.7.0/Runtime/OculusLoader.cs Line: 243)

Mono: successfully reloaded assembly
- Completed reload, in  0.821 seconds
Platform modules already initialized, skipping
Switching build target platform(5) subTarget(0) extendedPlatform(0) -> platform(13) subTarget(524292) extendedPlatform(0)
Refreshing native plugins compatible for Editor in 0.40 ms, found 3 plugins.
Preloading 1 native plugins for Editor in 0.07 ms.
Unloading 2007 Unused Serialized files (Serialized files now loaded: 0)
System memory in use before: 93.5 MB.
System memory in use after: 93.6 MB.

Unloading 6 unused Assets to reduce memory usage. Loaded Objects now: 2541.
Total: 2.376000 ms (FindLiveObjects: 0.177700 ms CreateObjectMapping: 0.072000 ms MarkObjects: 2.074300 ms  DeleteObjects: 0.050600 ms)

AssetImportParameters requested are different than current active one (requested -> active):
  custom:graphics/normal-map-encoding: 01000000000000000000000000000000 -> 02000000000000000000000000000000
========================================================================
Received Prepare
Refreshing native plugins compatible for Editor in 1.00 ms, found 3 plugins.
Preloading 1 native plugins for Editor in 0.07 ms.
Unloading 3 Unused Serialized files (Serialized files now loaded: 0)
System memory in use before: 54.2 MB.
System memory in use after: 54.3 MB.

Unloading 3 unused Assets to reduce memory usage. Loaded Objects now: 2541.
Total: 2.910400 ms (FindLiveObjects: 0.437100 ms CreateObjectMapping: 0.113400 ms MarkObjects: 2.260300 ms  DeleteObjects: 0.098300 ms)

========================================================================
Received Import Request.
  Time since last request: 279.845794 seconds.
  path: Assets/Scripts/FallBlock.cs
  artifactKey: Guid(a745849675c958a42ad6f56272c8bf27) Importer(815301076,1909f56bfc062723c751e8b465ee728b)
Start importing Assets/Scripts/FallBlock.cs using Guid(a745849675c958a42ad6f56272c8bf27) Importer(815301076,1909f56bfc062723c751e8b465ee728b)  -> (artifact id: '63a71a044ecb720728d51ee94e647431') in 0.009124 seconds
  Import took 0.012923 seconds .

========================================================================
Received Import Request.
  Time since last request: 0.003475 seconds.
  path: Assets/Scripts/FallBlock.cs
  artifactKey: Guid(a745849675c958a42ad6f56272c8bf27) Importer(815301076,1909f56bfc062723c751e8b465ee728b)
Start importing Assets/Scripts/FallBlock.cs using Guid(a745849675c958a42ad6f56272c8bf27) Importer(815301076,1909f56bfc062723c751e8b465ee728b)  -> (artifact id: '63a71a044ecb720728d51ee94e647431') in 0.002869 seconds
  Import took 0.006161 seconds .

========================================================================
Received Prepare
Registering precompiled user dll's ...
Registered in 0.002155 seconds.
Begin MonoManager ReloadAssembly
Native extension for WindowsStandalone target not found
Refreshing native plugins compatible for Editor in 0.55 ms, found 3 plugins.
Preloading 1 native plugins for Editor in 0.07 ms.
Warning: Annotation not found!
UnityEngine.StackTraceUtility:ExtractStackTrace ()
UnityEditor.ProBuilder.EditorUtility:SetGizmoIconEnabled (System.Type,bool) (at Library/PackageCache/com.unity.probuilder@4.5.0/Editor/EditorCore/EditorUtility.cs:593)
UnityEditor.ProBuilder.HierarchyListener:.cctor () (at Library/PackageCache/com.unity.probuilder@4.5.0/Editor/EditorCore/HierarchyListener.cs:21)
System.Runtime.CompilerServices.RuntimeHelpers:RunClassConstructor (System.RuntimeTypeHandle)
UnityEditor.EditorAssemblies:ProcessInitializeOnLoadAttributes (System.Type[])

[Library/PackageCache/com.unity.probuilder@4.5.0/Editor/EditorCore/EditorUtility.cs line 593]

Invoked RoslynAnalysisRunner static constructor.
RoslynAnalysisRunner will not be running.
RoslynAnalysisRunner has terminated.
NullReferenceException: Object reference not set to an instance of an object
  at Unity.XR.Oculus.OculusLoader.AssetPathToAbsolutePath (System.String assetPath) [0x00048] in C:\Users\user\Documents\GitHub\Way-Across\Library\PackageCache\com.unity.xr.oculus@1.7.0\Runtime\OculusLoader.cs:243 
  at Unity.XR.Oculus.OculusLoader.EditorLoadOVRPlugin () [0x0007b] in C:\Users\user\Documents\GitHub\Way-Across\Library\PackageCache\com.unity.xr.oculus@1.7.0\Runtime\OculusLoader.cs:228 

(Filename: Library/PackageCache/com.unity.xr.oculus@1.7.0/Runtime/OculusLoader.cs Line: 243)

Mono: successfully reloaded assembly
- Completed reload, in  0.864 seconds
Platform modules already initialized, skipping
Switching build target platform(5) subTarget(0) extendedPlatform(0) -> platform(13) subTarget(524292) extendedPlatform(0)
Refreshing native plugins compatible for Editor in 0.44 ms, found 3 plugins.
Preloading 1 native plugins for Editor in 0.07 ms.
Unloading 2008 Unused Serialized files (Serialized files now loaded: 0)
System memory in use before: 93.6 MB.
System memory in use after: 93.7 MB.

Unloading 6 unused Assets to reduce memory usage. Loaded Objects now: 2545.
Total: 2.415900 ms (FindLiveObjects: 0.186500 ms CreateObjectMapping: 0.078300 ms MarkObjects: 2.100700 ms  DeleteObjects: 0.049100 ms)

AssetImportParameters requested are different than current active one (requested -> active):
  custom:graphics/normal-map-encoding: 01000000000000000000000000000000 -> 02000000000000000000000000000000
========================================================================
Received Prepare
Registering precompiled user dll's ...
Registered in 0.001640 seconds.
Begin MonoManager ReloadAssembly
Native extension for WindowsStandalone target not found
Refreshing native plugins compatible for Editor in 0.41 ms, found 3 plugins.
Preloading 1 native plugins for Editor in 0.07 ms.
Warning: Annotation not found!
UnityEngine.StackTraceUtility:ExtractStackTrace ()
UnityEditor.ProBuilder.EditorUtility:SetGizmoIconEnabled (System.Type,bool) (at Library/PackageCache/com.unity.probuilder@4.5.0/Editor/EditorCore/EditorUtility.cs:593)
UnityEditor.ProBuilder.HierarchyListener:.cctor () (at Library/PackageCache/com.unity.probuilder@4.5.0/Editor/EditorCore/HierarchyListener.cs:21)
System.Runtime.CompilerServices.RuntimeHelpers:RunClassConstructor (System.RuntimeTypeHandle)
UnityEditor.EditorAssemblies:ProcessInitializeOnLoadAttributes (System.Type[])

[Library/PackageCache/com.unity.probuilder@4.5.0/Editor/EditorCore/EditorUtility.cs line 593]

Invoked RoslynAnalysisRunner static constructor.
RoslynAnalysisRunner will not be running.
RoslynAnalysisRunner has terminated.
NullReferenceException: Object reference not set to an instance of an object
  at Unity.XR.Oculus.OculusLoader.AssetPathToAbsolutePath (System.String assetPath) [0x00048] in C:\Users\user\Documents\GitHub\Way-Across\Library\PackageCache\com.unity.xr.oculus@1.7.0\Runtime\OculusLoader.cs:243 
  at Unity.XR.Oculus.OculusLoader.EditorLoadOVRPlugin () [0x0007b] in C:\Users\user\Documents\GitHub\Way-Across\Library\PackageCache\com.unity.xr.oculus@1.7.0\Runtime\OculusLoader.cs:228 

(Filename: Library/PackageCache/com.unity.xr.oculus@1.7.0/Runtime/OculusLoader.cs Line: 243)

Mono: successfully reloaded assembly
- Completed reload, in  0.808 seconds
Platform modules already initialized, skipping
Switching build target platform(5) subTarget(0) extendedPlatform(0) -> platform(13) subTarget(524292) extendedPlatform(0)
Refreshing native plugins compatible for Editor in 0.42 ms, found 3 plugins.
Preloading 1 native plugins for Editor in 0.07 ms.
Unloading 2008 Unused Serialized files (Serialized files now loaded: 0)
System memory in use before: 93.6 MB.
System memory in use after: 93.7 MB.

Unloading 6 unused Assets to reduce memory usage. Loaded Objects now: 2548.
Total: 3.233000 ms (FindLiveObjects: 0.229900 ms CreateObjectMapping: 0.107400 ms MarkObjects: 2.830000 ms  DeleteObjects: 0.064300 ms)

AssetImportParameters requested are different than current active one (requested -> active):
  custom:graphics/normal-map-encoding: 01000000000000000000000000000000 -> 02000000000000000000000000000000
========================================================================
Received Prepare
Registering precompiled user dll's ...
Registered in 0.001954 seconds.
Begin MonoManager ReloadAssembly
Native extension for WindowsStandalone target not found
Refreshing native plugins compatible for Editor in 0.42 ms, found 3 plugins.
Preloading 1 native plugins for Editor in 0.08 ms.
Warning: Annotation not found!
UnityEngine.StackTraceUtility:ExtractStackTrace ()
UnityEditor.ProBuilder.EditorUtility:SetGizmoIconEnabled (System.Type,bool) (at Library/PackageCache/com.unity.probuilder@4.5.0/Editor/EditorCore/EditorUtility.cs:593)
UnityEditor.ProBuilder.HierarchyListener:.cctor () (at Library/PackageCache/com.unity.probuilder@4.5.0/Editor/EditorCore/HierarchyListener.cs:21)
System.Runtime.CompilerServices.RuntimeHelpers:RunClassConstructor (System.RuntimeTypeHandle)
UnityEditor.EditorAssemblies:ProcessInitializeOnLoadAttributes (System.Type[])

[Library/PackageCache/com.unity.probuilder@4.5.0/Editor/EditorCore/EditorUtility.cs line 593]

Invoked RoslynAnalysisRunner static constructor.
RoslynAnalysisRunner will not be running.
RoslynAnalysisRunner has terminated.
NullReferenceException: Object reference not set to an instance of an object
  at Unity.XR.Oculus.OculusLoader.AssetPathToAbsolutePath (System.String assetPath) [0x00048] in C:\Users\user\Documents\GitHub\Way-Across\Library\PackageCache\com.unity.xr.oculus@1.7.0\Runtime\OculusLoader.cs:243 
  at Unity.XR.Oculus.OculusLoader.EditorLoadOVRPlugin () [0x0007b] in C:\Users\user\Documents\GitHub\Way-Across\Library\PackageCache\com.unity.xr.oculus@1.7.0\Runtime\OculusLoader.cs:228 

(Filename: Library/PackageCache/com.unity.xr.oculus@1.7.0/Runtime/OculusLoader.cs Line: 243)

Mono: successfully reloaded assembly
- Completed reload, in  0.830 seconds
Platform modules already initialized, skipping
Switching build target platform(5) subTarget(0) extendedPlatform(0) -> platform(13) subTarget(524292) extendedPlatform(0)
Refreshing native plugins compatible for Editor in 0.41 ms, found 3 plugins.
Preloading 1 native plugins for Editor in 0.08 ms.
Unloading 2008 Unused Serialized files (Serialized files now loaded: 0)
System memory in use before: 93.7 MB.
System memory in use after: 93.7 MB.

Unloading 6 unused Assets to reduce memory usage. Loaded Objects now: 2551.
Total: 2.432400 ms (FindLiveObjects: 0.228600 ms CreateObjectMapping: 0.097900 ms MarkObjects: 2.051500 ms  DeleteObjects: 0.052900 ms)

AssetImportParameters requested are different than current active one (requested -> active):
  custom:graphics/normal-map-encoding: 01000000000000000000000000000000 -> 02000000000000000000000000000000
========================================================================
Received Import Request.
  Time since last request: 796.906648 seconds.
  path: Assets/Prefabs/Grass/ForestGroundDirt.prefab
  artifactKey: Guid(e19a7ba8b5140ff4cb17e7e0918e3278) Importer(815301076,1909f56bfc062723c751e8b465ee728b)
Start importing Assets/Prefabs/Grass/ForestGroundDirt.prefab using Guid(e19a7ba8b5140ff4cb17e7e0918e3278) Importer(815301076,1909f56bfc062723c751e8b465ee728b)  -> (artifact id: '3c5f4cdff05800ded438112167498cf2') in 0.189298 seconds
  Import took 0.192409 seconds .

========================================================================
Received Prepare
Registering precompiled user dll's ...
Registered in 0.001676 seconds.
Begin MonoManager ReloadAssembly
Native extension for WindowsStandalone target not found
Refreshing native plugins compatible for Editor in 0.41 ms, found 3 plugins.
Preloading 1 native plugins for Editor in 0.08 ms.
Warning: Annotation not found!
UnityEngine.StackTraceUtility:ExtractStackTrace ()
UnityEditor.ProBuilder.EditorUtility:SetGizmoIconEnabled (System.Type,bool) (at Library/PackageCache/com.unity.probuilder@4.5.0/Editor/EditorCore/EditorUtility.cs:593)
UnityEditor.ProBuilder.HierarchyListener:.cctor () (at Library/PackageCache/com.unity.probuilder@4.5.0/Editor/EditorCore/HierarchyListener.cs:21)
System.Runtime.CompilerServices.RuntimeHelpers:RunClassConstructor (System.RuntimeTypeHandle)
UnityEditor.EditorAssemblies:ProcessInitializeOnLoadAttributes (System.Type[])

[Library/PackageCache/com.unity.probuilder@4.5.0/Editor/EditorCore/EditorUtility.cs line 593]

Invoked RoslynAnalysisRunner static constructor.
RoslynAnalysisRunner will not be running.
RoslynAnalysisRunner has terminated.
NullReferenceException: Object reference not set to an instance of an object
  at Unity.XR.Oculus.OculusLoader.AssetPathToAbsolutePath (System.String assetPath) [0x00048] in C:\Users\user\Documents\GitHub\Way-Across\Library\PackageCache\com.unity.xr.oculus@1.7.0\Runtime\OculusLoader.cs:243 
  at Unity.XR.Oculus.OculusLoader.EditorLoadOVRPlugin () [0x0007b] in C:\Users\user\Documents\GitHub\Way-Across\Library\PackageCache\com.unity.xr.oculus@1.7.0\Runtime\OculusLoader.cs:228 

(Filename: Library/PackageCache/com.unity.xr.oculus@1.7.0/Runtime/OculusLoader.cs Line: 243)

Mono: successfully reloaded assembly
- Completed reload, in  0.818 seconds
Platform modules already initialized, skipping
Switching build target platform(5) subTarget(0) extendedPlatform(0) -> platform(13) subTarget(524292) extendedPlatform(0)
Refreshing native plugins compatible for Editor in 0.42 ms, found 3 plugins.
Preloading 1 native plugins for Editor in 0.08 ms.
Unloading 2008 Unused Serialized files (Serialized files now loaded: 0)
System memory in use before: 93.7 MB.
System memory in use after: 93.8 MB.

Unloading 6 unused Assets to reduce memory usage. Loaded Objects now: 2555.
Total: 3.013500 ms (FindLiveObjects: 0.235500 ms CreateObjectMapping: 0.100800 ms MarkObjects: 2.606800 ms  DeleteObjects: 0.069000 ms)

AssetImportParameters requested are different than current active one (requested -> active):
  custom:graphics/normal-map-encoding: 01000000000000000000000000000000 -> 02000000000000000000000000000000
========================================================================
Received Import Request.
  Time since last request: 16.345666 seconds.
  path: Assets/Prefabs/Grass/ForestGroundDirt.prefab
  artifactKey: Guid(e19a7ba8b5140ff4cb17e7e0918e3278) Importer(815301076,1909f56bfc062723c751e8b465ee728b)
Start importing Assets/Prefabs/Grass/ForestGroundDirt.prefab using Guid(e19a7ba8b5140ff4cb17e7e0918e3278) Importer(815301076,1909f56bfc062723c751e8b465ee728b)  -> (artifact id: 'f0fbc379fe84eac9d21dc89503fbee6f') in 0.051709 seconds
  Import took 0.055248 seconds .

========================================================================
Received Prepare
Refreshing native plugins compatible for Editor in 0.93 ms, found 3 plugins.
Preloading 1 native plugins for Editor in 0.07 ms.
Unloading 3 Unused Serialized files (Serialized files now loaded: 0)
System memory in use before: 54.3 MB.
System memory in use after: 54.4 MB.

Unloading 3 unused Assets to reduce memory usage. Loaded Objects now: 2556.
Total: 3.275800 ms (FindLiveObjects: 0.194900 ms CreateObjectMapping: 0.080500 ms MarkObjects: 2.928700 ms  DeleteObjects: 0.070200 ms)

========================================================================
Received Prepare
Registering precompiled user dll's ...
Registered in 0.001716 seconds.
Begin MonoManager ReloadAssembly
Native extension for WindowsStandalone target not found
Refreshing native plugins compatible for Editor in 0.45 ms, found 3 plugins.
Preloading 1 native plugins for Editor in 0.08 ms.
Warning: Annotation not found!
UnityEngine.StackTraceUtility:ExtractStackTrace ()
UnityEditor.ProBuilder.EditorUtility:SetGizmoIconEnabled (System.Type,bool) (at Library/PackageCache/com.unity.probuilder@4.5.0/Editor/EditorCore/EditorUtility.cs:593)
UnityEditor.ProBuilder.HierarchyListener:.cctor () (at Library/PackageCache/com.unity.probuilder@4.5.0/Editor/EditorCore/HierarchyListener.cs:21)
System.Runtime.CompilerServices.RuntimeHelpers:RunClassConstructor (System.RuntimeTypeHandle)
UnityEditor.EditorAssemblies:ProcessInitializeOnLoadAttributes (System.Type[])

[Library/PackageCache/com.unity.probuilder@4.5.0/Editor/EditorCore/EditorUtility.cs line 593]

Invoked RoslynAnalysisRunner static constructor.
RoslynAnalysisRunner will not be running.
RoslynAnalysisRunner has terminated.
NullReferenceException: Object reference not set to an instance of an object
  at Unity.XR.Oculus.OculusLoader.AssetPathToAbsolutePath (System.String assetPath) [0x00048] in C:\Users\user\Documents\GitHub\Way-Across\Library\PackageCache\com.unity.xr.oculus@1.7.0\Runtime\OculusLoader.cs:243 
  at Unity.XR.Oculus.OculusLoader.EditorLoadOVRPlugin () [0x0007b] in C:\Users\user\Documents\GitHub\Way-Across\Library\PackageCache\com.unity.xr.oculus@1.7.0\Runtime\OculusLoader.cs:228 

(Filename: Library/PackageCache/com.unity.xr.oculus@1.7.0/Runtime/OculusLoader.cs Line: 243)

Mono: successfully reloaded assembly
- Completed reload, in  0.840 seconds
Platform modules already initialized, skipping
Switching build target platform(5) subTarget(0) extendedPlatform(0) -> platform(13) subTarget(524292) extendedPlatform(0)
Refreshing native plugins compatible for Editor in 0.51 ms, found 3 plugins.
Preloading 1 native plugins for Editor in 0.12 ms.
Unloading 2008 Unused Serialized files (Serialized files now loaded: 0)
System memory in use before: 93.7 MB.
System memory in use after: 93.8 MB.

Unloading 6 unused Assets to reduce memory usage. Loaded Objects now: 2559.
Total: 2.223600 ms (FindLiveObjects: 0.185200 ms CreateObjectMapping: 0.076400 ms MarkObjects: 1.903900 ms  DeleteObjects: 0.057100 ms)

AssetImportParameters requested are different than current active one (requested -> active):
  custom:graphics/normal-map-encoding: 01000000000000000000000000000000 -> 02000000000000000000000000000000
========================================================================
Received Prepare
Refreshing native plugins compatible for Editor in 0.89 ms, found 3 plugins.
Preloading 1 native plugins for Editor in 0.07 ms.
Unloading 3 Unused Serialized files (Serialized files now loaded: 0)
System memory in use before: 54.3 MB.
System memory in use after: 54.4 MB.

Unloading 3 unused Assets to reduce memory usage. Loaded Objects now: 2559.
Total: 2.689200 ms (FindLiveObjects: 0.184500 ms CreateObjectMapping: 0.087500 ms MarkObjects: 2.357600 ms  DeleteObjects: 0.058400 ms)

========================================================================
Received Prepare
Registering precompiled user dll's ...
Registered in 0.002613 seconds.
Begin MonoManager ReloadAssembly
Native extension for WindowsStandalone target not found
Refreshing native plugins compatible for Editor in 0.78 ms, found 3 plugins.
Preloading 1 native plugins for Editor in 0.16 ms.
Warning: Annotation not found!
UnityEngine.StackTraceUtility:ExtractStackTrace ()
UnityEditor.ProBuilder.EditorUtility:SetGizmoIconEnabled (System.Type,bool) (at Library/PackageCache/com.unity.probuilder@4.5.0/Editor/EditorCore/EditorUtility.cs:593)
UnityEditor.ProBuilder.HierarchyListener:.cctor () (at Library/PackageCache/com.unity.probuilder@4.5.0/Editor/EditorCore/HierarchyListener.cs:21)
System.Runtime.CompilerServices.RuntimeHelpers:RunClassConstructor (System.RuntimeTypeHandle)
UnityEditor.EditorAssemblies:ProcessInitializeOnLoadAttributes (System.Type[])

[Library/PackageCache/com.unity.probuilder@4.5.0/Editor/EditorCore/EditorUtility.cs line 593]

Invoked RoslynAnalysisRunner static constructor.
RoslynAnalysisRunner will not be running.
RoslynAnalysisRunner has terminated.
NullReferenceException: Object reference not set to an instance of an object
  at Unity.XR.Oculus.OculusLoader.AssetPathToAbsolutePath (System.String assetPath) [0x00048] in C:\Users\user\Documents\GitHub\Way-Across\Library\PackageCache\com.unity.xr.oculus@1.7.0\Runtime\OculusLoader.cs:243 
  at Unity.XR.Oculus.OculusLoader.EditorLoadOVRPlugin () [0x0007b] in C:\Users\user\Documents\GitHub\Way-Across\Library\PackageCache\com.unity.xr.oculus@1.7.0\Runtime\OculusLoader.cs:228 

(Filename: Library/PackageCache/com.unity.xr.oculus@1.7.0/Runtime/OculusLoader.cs Line: 243)

Mono: successfully reloaded assembly
- Completed reload, in  0.855 seconds
Platform modules already initialized, skipping
Switching build target platform(5) subTarget(0) extendedPlatform(0) -> platform(13) subTarget(524292) extendedPlatform(0)
Refreshing native plugins compatible for Editor in 0.41 ms, found 3 plugins.
Preloading 1 native plugins for Editor in 0.07 ms.
Unloading 2008 Unused Serialized files (Serialized files now loaded: 0)
System memory in use before: 93.7 MB.
System memory in use after: 93.8 MB.

Unloading 6 unused Assets to reduce memory usage. Loaded Objects now: 2562.
Total: 2.563800 ms (FindLiveObjects: 0.404200 ms CreateObjectMapping: 0.105500 ms MarkObjects: 1.997700 ms  DeleteObjects: 0.054700 ms)

AssetImportParameters requested are different than current active one (requested -> active):
  custom:graphics/normal-map-encoding: 01000000000000000000000000000000 -> 02000000000000000000000000000000
========================================================================
Received Import Request.
  Time since last request: 488.113713 seconds.
  path: Assets/Prefabs/Grass/ForestGroundDirt.prefab
  artifactKey: Guid(e19a7ba8b5140ff4cb17e7e0918e3278) Importer(815301076,1909f56bfc062723c751e8b465ee728b)
Start importing Assets/Prefabs/Grass/ForestGroundDirt.prefab using Guid(e19a7ba8b5140ff4cb17e7e0918e3278) Importer(815301076,1909f56bfc062723c751e8b465ee728b)  -> (artifact id: 'c693986946f3ca5c8c28e22f54a98752') in 0.050719 seconds
  Import took 0.053961 seconds .

========================================================================
Received Import Request.
  Time since last request: 0.002829 seconds.
  path: Assets/Prefabs/Grass/ForestGroundDirt.prefab
  artifactKey: Guid(e19a7ba8b5140ff4cb17e7e0918e3278) Importer(815301076,1909f56bfc062723c751e8b465ee728b)
Start importing Assets/Prefabs/Grass/ForestGroundDirt.prefab using Guid(e19a7ba8b5140ff4cb17e7e0918e3278) Importer(815301076,1909f56bfc062723c751e8b465ee728b)  -> (artifact id: 'c693986946f3ca5c8c28e22f54a98752') in 0.017437 seconds
  Import took 0.021152 seconds .

========================================================================
Received Prepare
Registering precompiled user dll's ...
Registered in 0.002812 seconds.
Begin MonoManager ReloadAssembly
Native extension for WindowsStandalone target not found
Refreshing native plugins compatible for Editor in 0.41 ms, found 3 plugins.
Preloading 1 native plugins for Editor in 0.08 ms.
Warning: Annotation not found!
UnityEngine.StackTraceUtility:ExtractStackTrace ()
UnityEditor.ProBuilder.EditorUtility:SetGizmoIconEnabled (System.Type,bool) (at Library/PackageCache/com.unity.probuilder@4.5.0/Editor/EditorCore/EditorUtility.cs:593)
UnityEditor.ProBuilder.HierarchyListener:.cctor () (at Library/PackageCache/com.unity.probuilder@4.5.0/Editor/EditorCore/HierarchyListener.cs:21)
System.Runtime.CompilerServices.RuntimeHelpers:RunClassConstructor (System.RuntimeTypeHandle)
UnityEditor.EditorAssemblies:ProcessInitializeOnLoadAttributes (System.Type[])

[Library/PackageCache/com.unity.probuilder@4.5.0/Editor/EditorCore/EditorUtility.cs line 593]

Invoked RoslynAnalysisRunner static constructor.
RoslynAnalysisRunner will not be running.
RoslynAnalysisRunner has terminated.
NullReferenceException: Object reference not set to an instance of an object
  at Unity.XR.Oculus.OculusLoader.AssetPathToAbsolutePath (System.String assetPath) [0x00048] in C:\Users\user\Documents\GitHub\Way-Across\Library\PackageCache\com.unity.xr.oculus@1.7.0\Runtime\OculusLoader.cs:243 
  at Unity.XR.Oculus.OculusLoader.EditorLoadOVRPlugin () [0x0007b] in C:\Users\user\Documents\GitHub\Way-Across\Library\PackageCache\com.unity.xr.oculus@1.7.0\Runtime\OculusLoader.cs:228 

(Filename: Library/PackageCache/com.unity.xr.oculus@1.7.0/Runtime/OculusLoader.cs Line: 243)

Mono: successfully reloaded assembly
- Completed reload, in  0.831 seconds
Platform modules already initialized, skipping
Switching build target platform(5) subTarget(0) extendedPlatform(0) -> platform(13) subTarget(524292) extendedPlatform(0)
Refreshing native plugins compatible for Editor in 0.41 ms, found 3 plugins.
Preloading 1 native plugins for Editor in 0.07 ms.
Unloading 2008 Unused Serialized files (Serialized files now loaded: 0)
System memory in use before: 93.7 MB.
System memory in use after: 93.8 MB.

Unloading 6 unused Assets to reduce memory usage. Loaded Objects now: 2566.
Total: 2.466100 ms (FindLiveObjects: 0.181600 ms CreateObjectMapping: 0.078700 ms MarkObjects: 2.148800 ms  DeleteObjects: 0.055900 ms)

AssetImportParameters requested are different than current active one (requested -> active):
  custom:graphics/normal-map-encoding: 01000000000000000000000000000000 -> 02000000000000000000000000000000
========================================================================
Received Prepare
Refreshing native plugins compatible for Editor in 0.88 ms, found 3 plugins.
Preloading 1 native plugins for Editor in 0.07 ms.
Unloading 3 Unused Serialized files (Serialized files now loaded: 0)
System memory in use before: 54.3 MB.
System memory in use after: 54.4 MB.

Unloading 3 unused Assets to reduce memory usage. Loaded Objects now: 2566.
Total: 3.775100 ms (FindLiveObjects: 0.495800 ms CreateObjectMapping: 0.189200 ms MarkObjects: 3.021900 ms  DeleteObjects: 0.066800 ms)

